19:54:37  Started by user infraestrutura
19:54:38  Obtained Jenkinsfile from git https://github.com/luangitdev/pipeline-criar-ambiente.git
19:54:38  [Pipeline] Start of Pipeline
19:54:39  [Pipeline] node
19:54:39  Running on Jenkins in /var/jenkins_home/workspace/PTF-CRIAR-AMBIENTE
19:54:39  [Pipeline] {
19:54:39  [Pipeline] stage
19:54:39  [Pipeline] { (Declarative: Checkout SCM)
19:54:39  [Pipeline] checkout
19:54:39  Selected Git installation does not exist. Using Default
19:54:39  The recommended git tool is: NONE
19:54:39  using credential github-credentials-luan
19:54:39   > git rev-parse --resolve-git-dir /var/jenkins_home/workspace/PTF-CRIAR-AMBIENTE/.git # timeout=10
19:54:39  Fetching changes from the remote Git repository
19:54:39   > git config remote.origin.url https://github.com/luangitdev/pipeline-criar-ambiente.git # timeout=10
19:54:39  Fetching upstream changes from https://github.com/luangitdev/pipeline-criar-ambiente.git
19:54:39   > git --version # timeout=10
19:54:39   > git --version # 'git version 2.39.5'
19:54:39  using GIT_ASKPASS to set credentials Credenciais da conta github (Luan)
19:54:39   > git fetch --tags --force --progress -- https://github.com/luangitdev/pipeline-criar-ambiente.git +refs/heads/*:refs/remotes/origin/* # timeout=10
19:54:40   > git rev-parse refs/remotes/origin/main^{commit} # timeout=10
19:54:40  Checking out Revision c0a77b437c52c507c3ac65c66a64c93d17177093 (refs/remotes/origin/main)
19:54:40   > git config core.sparsecheckout # timeout=10
19:54:40   > git checkout -f c0a77b437c52c507c3ac65c66a64c93d17177093 # timeout=10
19:54:40  Commit message: "fix: Corrige comparação de versões para updates"
19:54:40   > git rev-list --no-walk 9939fa5189beff310d9196b9c4db519f82a8f696 # timeout=10
19:54:40  [Pipeline] }
19:54:40  [Pipeline] // stage
19:54:40  [Pipeline] withEnv
19:54:40  [Pipeline] {
19:54:40  [Pipeline] withEnv
19:54:40  [Pipeline] {
19:54:40  [Pipeline] stage
19:54:40  [Pipeline] { (🔍 Validação de Parâmetros)
19:54:40  [Pipeline] script
19:54:40  [Pipeline] {
19:54:40  [Pipeline] echo
19:54:40  🚀 ===== PIPELINE CRIAR AMBIENTE =====
19:54:40  [Pipeline] echo
19:54:40  📋 Parâmetros recebidos:
19:54:40  [Pipeline] echo
19:54:40     - Tipo Ambiente: pln
19:54:40  [Pipeline] echo
19:54:40     - Servidor: gcp-pln
19:54:40  [Pipeline] echo
19:54:40     - Nome Banco: ptf_base_teste
19:54:40  [Pipeline] echo
19:54:40     - Versão: 9.0.1.1-9
19:54:40  [Pipeline] echo
19:54:40     - Criar Banco: true
19:54:41  [Pipeline] echo
19:54:41     - Deploy App: false
19:54:41  [Pipeline] echo
19:54:41  =======================================
19:54:41  [Pipeline] sh
19:54:41  + /var/jenkins_home/workspace/PTF-CRIAR-AMBIENTE/scripts/get_db_host.sh gcp-pln
19:54:41  [Pipeline] echo
19:54:41  ✅ Validação concluída. DB Host: 10.200.0.3
19:54:41  [Pipeline] }
19:54:41  [Pipeline] // script
19:54:41  [Pipeline] }
19:54:41  [Pipeline] // stage
19:54:41  [Pipeline] stage
19:54:41  [Pipeline] { (📁 Preparação do Ambiente)
19:54:41  [Pipeline] script
19:54:41  [Pipeline] {
19:54:41  [Pipeline] echo
19:54:41  🔧 Preparando ambiente de trabalho...
19:54:41  [Pipeline] sh
19:54:41  + mkdir -p /var/jenkins_home/workspace/PTF-CRIAR-AMBIENTE/temp
19:54:41  + mkdir -p /var/jenkins_home/workspace/PTF-CRIAR-AMBIENTE/logs
19:54:41  + chmod +x /var/jenkins_home/workspace/PTF-CRIAR-AMBIENTE/scripts/create_database.sh /var/jenkins_home/workspace/PTF-CRIAR-AMBIENTE/scripts/database_operations.sh /var/jenkins_home/workspace/PTF-CRIAR-AMBIENTE/scripts/deploy_application.sh /var/jenkins_home/workspace/PTF-CRIAR-AMBIENTE/scripts/generate_start_sql.sh /var/jenkins_home/workspace/PTF-CRIAR-AMBIENTE/scripts/get_db_host.sh /var/jenkins_home/workspace/PTF-CRIAR-AMBIENTE/scripts/verify_database.sh /var/jenkins_home/workspace/PTF-CRIAR-AMBIENTE/scripts/verify_deployment.sh
19:54:42  [Pipeline] writeFile
19:54:42  [Pipeline] echo
19:54:42  ✅ Dados do ambiente criados a partir do parâmetro
19:54:42  [Pipeline] echo
19:54:42  📄 Conteúdo:
19:54:42  [Pipeline] sh
19:54:42  + cat /var/jenkins_home/workspace/PTF-CRIAR-AMBIENTE/temp/dados.txt
19:54:42  Endereço: R Jasmim, 15
19:54:42  Bairro: Chacara Boa Vista
19:54:42  Cidade: Contagem
19:54:42  Estado: MG
19:54:42  CEP: 65058-786
19:54:42  Lat: -19.889993
19:54:42  Long: -44.052744
19:54:42  CNPJ: 61247612000178
19:54:42  Razao Social: FORT LUB DISTRIBUIDORA LTDA
19:54:42  [Pipeline] }
19:54:42  [Pipeline] // script
19:54:42  [Pipeline] }
19:54:42  [Pipeline] // stage
19:54:42  [Pipeline] stage
19:54:42  [Pipeline] { (🗄️ Criação do Banco de Dados)
19:54:42  [Pipeline] script
19:54:42  [Pipeline] {
19:54:42  [Pipeline] echo
19:54:42  🗄️ Iniciando criação do banco de dados...
19:54:42  [Pipeline] withCredentials
19:54:42  Masking supported pattern matches of $BASTION_HOST or $BASTION_USER or $DB_USER or $DB_PASSWORD or $SSH_KEY or $SSH_PASSPHRASE
19:54:42  [Pipeline] {
19:54:42  [Pipeline] sh
19:54:42  Warning: A secret was passed to "sh" using Groovy String interpolation, which is insecure.
19:54:42  		 Affected argument(s) used the following variable(s): [DB_USER, DB_PASSWORD]
19:54:42  		 See https://jenkins.io/redirect/groovy-string-interpolation for details.
19:54:43  + cat
19:54:43  + chmod +x /tmp/ssh-add-script-97994.sh
19:54:43  + ssh-agent -s
19:54:43  + eval SSH_AUTH_SOCK=/tmp/ssh-iePQQQMkpAF9/agent.97999; export SSH_AUTH_SOCK; SSH_AGENT_PID=98000; export SSH_AGENT_PID; echo Agent pid 98000;
19:54:43  + SSH_AUTH_SOCK=/tmp/ssh-iePQQQMkpAF9/agent.97999
19:54:43  + export SSH_AUTH_SOCK
19:54:43  + SSH_AGENT_PID=98000
19:54:43  + export SSH_AGENT_PID
19:54:43  + echo Agent pid 98000
19:54:43  Agent pid 98000
19:54:43  + DISPLAY=:0 SSH_ASKPASS=/tmp/ssh-add-script-97994.sh ssh-add ****
19:54:43  Identity added: **** (****)
19:54:43  + ssh -o StrictHostKeyChecking=no ****@**** mkdir -p /tmp/pipeline-28
19:54:43  + scp -o StrictHostKeyChecking=no -r /var/jenkins_home/workspace/PTF-CRIAR-AMBIENTE/scripts/ ****@****:/tmp/pipeline-28/
19:54:44  + scp -o StrictHostKeyChecking=no -r /var/jenkins_home/workspace/PTF-CRIAR-AMBIENTE/sql/ ****@****:/tmp/pipeline-28/
19:54:44  + scp -o StrictHostKeyChecking=no -r /var/jenkins_home/workspace/PTF-CRIAR-AMBIENTE/dados/ ****@****:/tmp/pipeline-28/
19:54:45  + ssh -o StrictHostKeyChecking=no ****@****
19:54:45  Pseudo-terminal will not be allocated because stdin is not a terminal.
19:54:45  Linux routing-apl-no 6.1.0-23-cloud-amd64 #1 SMP PREEMPT_DYNAMIC Debian 6.1.99-1 (2024-07-15) x86_64
19:54:45  
19:54:45  The programs included with the Debian GNU/Linux system are free software;
19:54:45  the exact distribution terms for each program are described in the
19:54:45  individual files in /usr/share/doc/*/copyright.
19:54:45  
19:54:45  Debian GNU/Linux comes with ABSOLUTELY NO WARRANTY, to the extent
19:54:45  permitted by applicable law.
19:54:45  === DEBUG - Variáveis do Pipeline ===
19:54:45  TIPO_AMBIENTE: pln
19:54:45  SERVIDOR: gcp-pln
19:54:45  NOME_BANCO: ptf_base_teste
19:54:45  VERSAO_DESEJADA: 9.0.1.1-9
19:54:45  DB_HOST: 10.200.0.3
19:54:45  DB_PORT: 5432
19:54:45  DB_USER: ****
19:54:45  DB_PASSWORD: [MASKED]
19:54:45  WORKSPACE: /tmp/pipeline-28
19:54:45  =================================
19:54:45  [0;34m[2025-12-15 22:54:45][0m 🔧 Senha codificada em base64 para evitar expansão de caracteres especiais
19:54:45  [0;34m[2025-12-15 22:54:45][0m 🚀 INICIANDO CRIAÇÃO DO BANCO DE DADOS
19:54:45  [0;34m[2025-12-15 22:54:45][0m 📋 Configuração:
19:54:45  [0;34m[2025-12-15 22:54:45][0m    - Ambiente: pln
19:54:45  [0;34m[2025-12-15 22:54:45][0m    - Servidor: gcp-pln
19:54:45  [0;34m[2025-12-15 22:54:45][0m    - Banco: ptf_base_teste
19:54:45  [0;34m[2025-12-15 22:54:45][0m    - Host: 10.200.0.3:5432
19:54:45  [0;34m[2025-12-15 22:54:45][0m    - Versão: 9.0.1.1-9
19:54:45  [0;34m[2025-12-15 22:54:45][0m 📋 Template obrigatório: ptf_planner_banco_limpo_9_0_0_0_0
19:54:45  [0;34m[2025-12-15 22:54:45][0m 🔗 Configuração de conexão:
19:54:45  [0;34m[2025-12-15 22:54:45][0m    - Servidor destino: 10.200.0.3:5432
19:54:45  [0;34m[2025-12-15 22:54:45][0m    - Template source: 10.200.0.3:5432 (GCP-PLN)
19:54:45  [0;34m[2025-12-15 22:54:45][0m 🔧 Verificando ambiente de execução...
19:54:45  [0;34m[2025-12-15 22:54:45][0m    - Usuário: ****
19:54:45  [0;34m[2025-12-15 22:54:45][0m    - Sistema: Linux routing-apl-no 6.1.0-23-cloud-amd64 #1 SMP PREEMPT_DYNAMIC Debian 6.1.99-1 (2024-07-15) x86_64 GNU/Linux
19:54:45  [0;34m[2025-12-15 22:54:45][0m    - PostgreSQL client: /usr/bin/psql
19:54:45  [0;32m[2025-12-15 22:54:45] ✅ PostgreSQL client encontrado: /usr/bin/psql[0m
19:54:45  [0;34m[2025-12-15 22:54:45][0m 🔍 Testando conexão com o servidor de banco...
19:54:45  [0;34m[2025-12-15 22:54:45][0m 🔧 Comando: psql -h 10.200.0.3 -p 5432 -U **** -d ptf_planner_banco_limpo_9_0_0_0_0 -c "SELECT 1;"
19:54:45  [0;32m[2025-12-15 22:54:45] ✅ Conexão com o servidor estabelecida com sucesso![0m
19:54:45  [0;34m[2025-12-15 22:54:45][0m 🔍 Verificando se template existe no GCP-PLN: ptf_planner_banco_limpo_9_0_0_0_0
19:54:45  [0;32m[2025-12-15 22:54:45] ✅ Template ptf_planner_banco_limpo_9_0_0_0_0 encontrado no GCP-PLN![0m
19:54:45  [0;34m[2025-12-15 22:54:45][0m 🗄️ Criando banco ptf_base_teste no servidor de destino...
19:54:45  [0;34m[2025-12-15 22:54:45][0m 📄 Criando banco vazio no destino...
19:54:46  CREATE DATABASE
19:54:46  [0;32m[2025-12-15 22:54:45] ✅ Banco vazio criado no destino![0m
19:54:46  [0;34m[2025-12-15 22:54:45][0m 📋 Copiando dados do template ptf_planner_banco_limpo_9_0_0_0_0 (GCP-PLN → destino)...
19:54:46  [0;34m[2025-12-15 22:54:45][0m 📤 Fazendo dump do template...
19:54:46  [0;34m[2025-12-15 22:54:46][0m 📥 Restaurando dados no banco de destino...
19:54:46  SET
19:54:46  SET
19:54:46  SET
19:54:46  SET
19:54:46  SET
19:54:46   set_config 
19:54:46  ------------
19:54:46   
19:54:46  (1 row)
19:54:46  
19:54:46  SET
19:54:46  SET
19:54:46  SET
19:54:46  SET
19:54:46  ALTER SCHEMA
19:54:46  CREATE FUNCTION
19:54:46  ALTER FUNCTION
19:54:46  CREATE FUNCTION
19:54:46  ALTER FUNCTION
19:54:46  CREATE FUNCTION
19:54:46  ALTER FUNCTION
19:54:46  CREATE FUNCTION
19:54:46  ALTER FUNCTION
19:54:46  SET
19:54:46  SET
19:54:46  CREATE TABLE
19:54:46  ALTER TABLE
19:54:46  CREATE SEQUENCE
19:54:46  ALTER TABLE
19:54:46  ALTER SEQUENCE
19:54:46  CREATE TABLE
19:54:46  ALTER TABLE
19:54:46  CREATE TABLE
19:54:46  ALTER TABLE
19:54:46  CREATE SEQUENCE
19:54:46  ALTER TABLE
19:54:46  ALTER SEQUENCE
19:54:46  CREATE TABLE
19:54:46  ALTER TABLE
19:54:46  CREATE SEQUENCE
19:54:46  ALTER TABLE
19:54:46  ALTER SEQUENCE
19:54:46  CREATE TABLE
19:54:46  ALTER TABLE
19:54:46  CREATE SEQUENCE
19:54:46  ALTER TABLE
19:54:46  ALTER SEQUENCE
19:54:46  CREATE TABLE
19:54:46  ALTER TABLE
19:54:46  CREATE TABLE
19:54:46  ALTER TABLE
19:54:46  CREATE SEQUENCE
19:54:46  ALTER TABLE
19:54:46  ALTER SEQUENCE
19:54:46  CREATE TABLE
19:54:46  ALTER TABLE
19:54:46  CREATE SEQUENCE
19:54:46  ALTER TABLE
19:54:46  ALTER SEQUENCE
19:54:46  CREATE TABLE
19:54:46  ALTER TABLE
19:54:46  CREATE TABLE
19:54:46  ALTER TABLE
19:54:46  CREATE SEQUENCE
19:54:46  ALTER TABLE
19:54:46  ALTER SEQUENCE
19:54:46  CREATE TABLE
19:54:46  ALTER TABLE
19:54:46  CREATE SEQUENCE
19:54:46  ALTER TABLE
19:54:46  ALTER SEQUENCE
19:54:46  CREATE TABLE
19:54:46  ALTER TABLE
19:54:46  CREATE SEQUENCE
19:54:46  ALTER TABLE
19:54:46  ALTER SEQUENCE
19:54:46  CREATE TABLE
19:54:46  ALTER TABLE
19:54:46  CREATE TABLE
19:54:46  ALTER TABLE
19:54:46  CREATE SEQUENCE
19:54:46  ALTER TABLE
19:54:46  ALTER SEQUENCE
19:54:46  CREATE TABLE
19:54:46  ALTER TABLE
19:54:46  CREATE TABLE
19:54:46  ALTER TABLE
19:54:46  CREATE TABLE
19:54:46  ALTER TABLE
19:54:46  CREATE TABLE
19:54:46  ALTER TABLE
19:54:46  CREATE SEQUENCE
19:54:46  ALTER TABLE
19:54:46  ALTER SEQUENCE
19:54:46  CREATE TABLE
19:54:46  ALTER TABLE
19:54:46  CREATE SEQUENCE
19:54:46  ALTER TABLE
19:54:46  ALTER SEQUENCE
19:54:46  CREATE TABLE
19:54:46  ALTER TABLE
19:54:46  CREATE SEQUENCE
19:54:46  ALTER TABLE
19:54:46  ALTER SEQUENCE
19:54:46  CREATE TABLE
19:54:46  ALTER TABLE
19:54:46  CREATE TABLE
19:54:46  ALTER TABLE
19:54:46  CREATE TABLE
19:54:46  ALTER TABLE
19:54:46  CREATE SEQUENCE
19:54:46  ALTER TABLE
19:54:46  ALTER SEQUENCE
19:54:46  CREATE TABLE
19:54:46  ALTER TABLE
19:54:46  CREATE SEQUENCE
19:54:46  ALTER TABLE
19:54:46  ALTER SEQUENCE
19:54:46  CREATE TABLE
19:54:46  ALTER TABLE
19:54:46  CREATE SEQUENCE
19:54:46  ALTER TABLE
19:54:46  ALTER SEQUENCE
19:54:46  CREATE TABLE
19:54:46  ALTER TABLE
19:54:46  CREATE SEQUENCE
19:54:46  ALTER TABLE
19:54:46  ALTER SEQUENCE
19:54:46  CREATE TABLE
19:54:46  ALTER TABLE
19:54:46  CREATE SEQUENCE
19:54:46  ALTER TABLE
19:54:46  ALTER SEQUENCE
19:54:46  CREATE TABLE
19:54:46  ALTER TABLE
19:54:46  CREATE SEQUENCE
19:54:46  ALTER TABLE
19:54:46  ALTER SEQUENCE
19:54:46  CREATE TABLE
19:54:46  ALTER TABLE
19:54:46  CREATE SEQUENCE
19:54:46  ALTER TABLE
19:54:46  ALTER SEQUENCE
19:54:46  CREATE TABLE
19:54:46  ALTER TABLE
19:54:46  CREATE SEQUENCE
19:54:46  ALTER TABLE
19:54:46  ALTER SEQUENCE
19:54:46  CREATE TABLE
19:54:46  ALTER TABLE
19:54:46  CREATE SEQUENCE
19:54:46  ALTER TABLE
19:54:46  ALTER SEQUENCE
19:54:46  CREATE TABLE
19:54:46  ALTER TABLE
19:54:46  CREATE SEQUENCE
19:54:46  ALTER TABLE
19:54:46  ALTER SEQUENCE
19:54:46  CREATE TABLE
19:54:46  ALTER TABLE
19:54:46  CREATE SEQUENCE
19:54:46  ALTER TABLE
19:54:46  ALTER SEQUENCE
19:54:46  CREATE TABLE
19:54:46  ALTER TABLE
19:54:46  CREATE SEQUENCE
19:54:46  ALTER TABLE
19:54:46  ALTER SEQUENCE
19:54:46  CREATE TABLE
19:54:46  ALTER TABLE
19:54:46  CREATE SEQUENCE
19:54:46  ALTER TABLE
19:54:46  ALTER SEQUENCE
19:54:46  CREATE TABLE
19:54:46  ALTER TABLE
19:54:46  CREATE SEQUENCE
19:54:46  ALTER TABLE
19:54:46  ALTER SEQUENCE
19:54:46  CREATE TABLE
19:54:46  ALTER TABLE
19:54:46  CREATE SEQUENCE
19:54:46  ALTER TABLE
19:54:46  ALTER SEQUENCE
19:54:46  CREATE TABLE
19:54:46  ALTER TABLE
19:54:46  CREATE SEQUENCE
19:54:46  ALTER TABLE
19:54:46  ALTER SEQUENCE
19:54:46  CREATE TABLE
19:54:46  ALTER TABLE
19:54:46  CREATE SEQUENCE
19:54:46  ALTER TABLE
19:54:46  ALTER SEQUENCE
19:54:46  CREATE TABLE
19:54:46  ALTER TABLE
19:54:46  CREATE SEQUENCE
19:54:46  ALTER TABLE
19:54:46  ALTER SEQUENCE
19:54:46  CREATE TABLE
19:54:46  ALTER TABLE
19:54:46  COMMENT
19:54:46  CREATE SEQUENCE
19:54:46  ALTER TABLE
19:54:46  ALTER SEQUENCE
19:54:46  CREATE TABLE
19:54:46  ALTER TABLE
19:54:46  CREATE SEQUENCE
19:54:46  ALTER TABLE
19:54:46  ALTER SEQUENCE
19:54:46  CREATE TABLE
19:54:46  ALTER TABLE
19:54:46  CREATE SEQUENCE
19:54:46  ALTER TABLE
19:54:47  ALTER SEQUENCE
19:54:47  CREATE TABLE
19:54:47  ALTER TABLE
19:54:47  CREATE SEQUENCE
19:54:47  ALTER TABLE
19:54:47  ALTER SEQUENCE
19:54:47  CREATE TABLE
19:54:47  ALTER TABLE
19:54:47  CREATE TABLE
19:54:47  ALTER TABLE
19:54:47  COMMENT
19:54:47  CREATE SEQUENCE
19:54:47  ALTER TABLE
19:54:47  ALTER SEQUENCE
19:54:47  CREATE TABLE
19:54:47  ALTER TABLE
19:54:47  CREATE TABLE
19:54:47  ALTER TABLE
19:54:47  CREATE TABLE
19:54:47  ALTER TABLE
19:54:47  CREATE TABLE
19:54:47  ALTER TABLE
19:54:47  CREATE SEQUENCE
19:54:47  ALTER TABLE
19:54:47  ALTER SEQUENCE
19:54:47  CREATE TABLE
19:54:47  ALTER TABLE
19:54:47  CREATE TABLE
19:54:47  ALTER TABLE
19:54:47  CREATE SEQUENCE
19:54:47  ALTER TABLE
19:54:47  ALTER SEQUENCE
19:54:47  CREATE SEQUENCE
19:54:47  ALTER TABLE
19:54:47  ALTER SEQUENCE
19:54:47  CREATE TABLE
19:54:47  ALTER TABLE
19:54:47  CREATE TABLE
19:54:47  ALTER TABLE
19:54:47  CREATE SEQUENCE
19:54:47  ALTER TABLE
19:54:47  ALTER SEQUENCE
19:54:47  CREATE TABLE
19:54:47  ALTER TABLE
19:54:47  CREATE SEQUENCE
19:54:47  ALTER TABLE
19:54:47  ALTER SEQUENCE
19:54:47  CREATE TABLE
19:54:47  ALTER TABLE
19:54:47  CREATE SEQUENCE
19:54:47  ALTER TABLE
19:54:47  ALTER SEQUENCE
19:54:47  CREATE TABLE
19:54:47  ALTER TABLE
19:54:47  CREATE TABLE
19:54:47  ALTER TABLE
19:54:47  CREATE TABLE
19:54:47  ALTER TABLE
19:54:47  CREATE TABLE
19:54:47  ALTER TABLE
19:54:47  CREATE SEQUENCE
19:54:47  ALTER TABLE
19:54:47  ALTER SEQUENCE
19:54:47  CREATE TABLE
19:54:47  ALTER TABLE
19:54:47  CREATE TABLE
19:54:47  ALTER TABLE
19:54:47  CREATE SEQUENCE
19:54:47  ALTER TABLE
19:54:47  ALTER SEQUENCE
19:54:47  CREATE TABLE
19:54:47  ALTER TABLE
19:54:47  CREATE TABLE
19:54:47  ALTER TABLE
19:54:47  CREATE SEQUENCE
19:54:47  ALTER TABLE
19:54:47  ALTER SEQUENCE
19:54:47  CREATE SEQUENCE
19:54:47  ALTER TABLE
19:54:47  ALTER SEQUENCE
19:54:47  CREATE TABLE
19:54:47  ALTER TABLE
19:54:47  CREATE TABLE
19:54:47  ALTER TABLE
19:54:47  CREATE TABLE
19:54:47  ALTER TABLE
19:54:47  CREATE TABLE
19:54:47  ALTER TABLE
19:54:47  CREATE SEQUENCE
19:54:47  ALTER TABLE
19:54:47  ALTER SEQUENCE
19:54:47  CREATE TABLE
19:54:47  ALTER TABLE
19:54:47  CREATE SEQUENCE
19:54:47  ALTER TABLE
19:54:47  ALTER SEQUENCE
19:54:47  CREATE TABLE
19:54:47  ALTER TABLE
19:54:47  CREATE TABLE
19:54:47  ALTER TABLE
19:54:47  CREATE TABLE
19:54:47  ALTER TABLE
19:54:47  CREATE SEQUENCE
19:54:47  ALTER TABLE
19:54:47  ALTER SEQUENCE
19:54:47  CREATE TABLE
19:54:47  ALTER TABLE
19:54:47  CREATE TABLE
19:54:47  ALTER TABLE
19:54:47  CREATE SEQUENCE
19:54:47  ALTER TABLE
19:54:47  ALTER SEQUENCE
19:54:47  CREATE TABLE
19:54:47  ALTER TABLE
19:54:47  CREATE SEQUENCE
19:54:47  ALTER TABLE
19:54:47  ALTER SEQUENCE
19:54:47  CREATE TABLE
19:54:47  ALTER TABLE
19:54:47  CREATE SEQUENCE
19:54:47  ALTER TABLE
19:54:47  ALTER SEQUENCE
19:54:47  CREATE TABLE
19:54:47  ALTER TABLE
19:54:47  CREATE TABLE
19:54:47  ALTER TABLE
19:54:47  CREATE TABLE
19:54:47  ALTER TABLE
19:54:47  CREATE TABLE
19:54:47  ALTER TABLE
19:54:47  CREATE TABLE
19:54:47  ALTER TABLE
19:54:47  CREATE TABLE
19:54:47  ALTER TABLE
19:54:47  CREATE TABLE
19:54:47  ALTER TABLE
19:54:47  ALTER TABLE
19:54:47  ALTER TABLE
19:54:47  ALTER TABLE
19:54:47  ALTER TABLE
19:54:47  ALTER TABLE
19:54:47  ALTER TABLE
19:54:47  ALTER TABLE
19:54:47  ALTER TABLE
19:54:47  ALTER TABLE
19:54:47  ALTER TABLE
19:54:47  ALTER TABLE
19:54:47  ALTER TABLE
19:54:47  ALTER TABLE
19:54:47  ALTER TABLE
19:54:47  ALTER TABLE
19:54:47  ALTER TABLE
19:54:47  ALTER TABLE
19:54:47  ALTER TABLE
19:54:47  ALTER TABLE
19:54:47  ALTER TABLE
19:54:47  ALTER TABLE
19:54:47  ALTER TABLE
19:54:47  ALTER TABLE
19:54:47  ALTER TABLE
19:54:47  ALTER TABLE
19:54:47  ALTER TABLE
19:54:47  ALTER TABLE
19:54:47  ALTER TABLE
19:54:47  ALTER TABLE
19:54:47  ALTER TABLE
19:54:47  ALTER TABLE
19:54:47  ALTER TABLE
19:54:47  ALTER TABLE
19:54:47  ALTER TABLE
19:54:47  ALTER TABLE
19:54:47  ALTER TABLE
19:54:47  ALTER TABLE
19:54:47  ALTER TABLE
19:54:47  ALTER TABLE
19:54:47  ALTER TABLE
19:54:47  ALTER TABLE
19:54:47  ALTER TABLE
19:54:47  ALTER TABLE
19:54:47  ALTER TABLE
19:54:47  ALTER TABLE
19:54:47  ALTER TABLE
19:54:47  ALTER TABLE
19:54:47  ALTER TABLE
19:54:47  ALTER TABLE
19:54:47  ALTER TABLE
19:54:47  ALTER TABLE
19:54:47  ALTER TABLE
19:54:47  COPY 0
19:54:47  COPY 0
19:54:47  COPY 1
19:54:47  COPY 0
19:54:47  COPY 0
19:54:47  COPY 0
19:54:47  COPY 0
19:54:47  COPY 0
19:54:47  COPY 0
19:54:47  COPY 0
19:54:47  COPY 0
19:54:47  COPY 0
19:54:47  COPY 0
19:54:47  COPY 0
19:54:47  COPY 0
19:54:47  COPY 0
19:54:47  COPY 0
19:54:47  COPY 25
19:54:47  COPY 0
19:54:47  COPY 0
19:54:47  COPY 0
19:54:47  COPY 0
19:54:47  COPY 17
19:54:47  COPY 0
19:54:47  COPY 0
19:54:47  COPY 0
19:54:47  COPY 0
19:54:47  COPY 0
19:54:47  COPY 0
19:54:47  COPY 0
19:54:47  COPY 0
19:54:47  COPY 0
19:54:47  COPY 0
19:54:47  COPY 0
19:54:47  COPY 0
19:54:47  COPY 0
19:54:47  COPY 0
19:54:47  COPY 0
19:54:47  COPY 0
19:54:47  COPY 0
19:54:47  COPY 0
19:54:47  COPY 0
19:54:47  COPY 130
19:54:47  COPY 0
19:54:47  COPY 0
19:54:47  COPY 0
19:54:47  COPY 0
19:54:47  COPY 0
19:54:47  COPY 0
19:54:47  COPY 0
19:54:47  COPY 0
19:54:47  COPY 0
19:54:47  COPY 0
19:54:47  COPY 0
19:54:47  COPY 0
19:54:47  COPY 0
19:54:47  COPY 0
19:54:47  COPY 0
19:54:47  COPY 0
19:54:47  COPY 0
19:54:47  COPY 0
19:54:47  COPY 0
19:54:47  COPY 0
19:54:47  COPY 0
19:54:47  COPY 0
19:54:47  COPY 0
19:54:47  COPY 0
19:54:47  COPY 0
19:54:47  COPY 0
19:54:47  COPY 0
19:54:47  COPY 0
19:54:47  COPY 0
19:54:47  COPY 0
19:54:47  COPY 0
19:54:47  COPY 52
19:54:47  COPY 0
19:54:47  COPY 0
19:54:47  COPY 0
19:54:47  COPY 0
19:54:47  COPY 0
19:54:47  COPY 0
19:54:47  COPY 0
19:54:47  COPY 0
19:54:47   setval 
19:54:47  --------
19:54:47        1
19:54:47  (1 row)
19:54:47  
19:54:47   setval 
19:54:47  --------
19:54:47        2
19:54:47  (1 row)
19:54:47  
19:54:47   setval 
19:54:47  --------
19:54:47        1
19:54:47  (1 row)
19:54:47  
19:54:47   setval 
19:54:47  --------
19:54:47        1
19:54:47  (1 row)
19:54:47  
19:54:47   setval 
19:54:47  --------
19:54:47        1
19:54:47  (1 row)
19:54:47  
19:54:47   setval 
19:54:47  --------
19:54:47        1
19:54:47  (1 row)
19:54:47  
19:54:47   setval 
19:54:47  --------
19:54:47        1
19:54:47  (1 row)
19:54:47  
19:54:47   setval 
19:54:47  --------
19:54:47        1
19:54:47  (1 row)
19:54:47  
19:54:47   setval 
19:54:47  --------
19:54:47        1
19:54:47  (1 row)
19:54:47  
19:54:47   setval 
19:54:47  --------
19:54:47        1
19:54:47  (1 row)
19:54:47  
19:54:47   setval 
19:54:47  --------
19:54:47       25
19:54:47  (1 row)
19:54:47  
19:54:47   setval 
19:54:47  --------
19:54:47        1
19:54:47  (1 row)
19:54:47  
19:54:47   setval 
19:54:47  --------
19:54:47        1
19:54:47  (1 row)
19:54:47  
19:54:47   setval 
19:54:47  --------
19:54:47       18
19:54:47  (1 row)
19:54:47  
19:54:47   setval 
19:54:47  --------
19:54:47        1
19:54:47  (1 row)
19:54:47  
19:54:47   setval 
19:54:47  --------
19:54:47        1
19:54:47  (1 row)
19:54:47  
19:54:47   setval 
19:54:47  --------
19:54:47        1
19:54:47  (1 row)
19:54:47  
19:54:47   setval 
19:54:47  --------
19:54:47        1
19:54:47  (1 row)
19:54:47  
19:54:47   setval 
19:54:47  --------
19:54:47        1
19:54:47  (1 row)
19:54:47  
19:54:47   setval 
19:54:47  --------
19:54:47        1
19:54:47  (1 row)
19:54:47  
19:54:47   setval 
19:54:47  --------
19:54:47        1
19:54:47  (1 row)
19:54:47  
19:54:47   setval 
19:54:47  --------
19:54:47        1
19:54:47  (1 row)
19:54:47  
19:54:47   setval 
19:54:47  --------
19:54:47        1
19:54:47  (1 row)
19:54:47  
19:54:47   setval 
19:54:47  --------
19:54:47        1
19:54:47  (1 row)
19:54:47  
19:54:47   setval 
19:54:47  --------
19:54:47        1
19:54:47  (1 row)
19:54:47  
19:54:47   setval 
19:54:47  --------
19:54:47        1
19:54:47  (1 row)
19:54:47  
19:54:47   setval 
19:54:47  --------
19:54:47        1
19:54:47  (1 row)
19:54:47  
19:54:47   setval 
19:54:47  --------
19:54:47        1
19:54:47  (1 row)
19:54:47  
19:54:47   setval 
19:54:47  --------
19:54:47        1
19:54:47  (1 row)
19:54:47  
19:54:47   setval 
19:54:47  --------
19:54:47        1
19:54:47  (1 row)
19:54:47  
19:54:47   setval 
19:54:47  --------
19:54:47        1
19:54:47  (1 row)
19:54:47  
19:54:47   setval 
19:54:47  --------
19:54:47        1
19:54:47  (1 row)
19:54:47  
19:54:47   setval 
19:54:47  --------
19:54:47        1
19:54:47  (1 row)
19:54:47  
19:54:47   setval 
19:54:47  --------
19:54:47      147
19:54:47  (1 row)
19:54:47  
19:54:47   setval 
19:54:47  --------
19:54:47        1
19:54:47  (1 row)
19:54:47  
19:54:47   setval 
19:54:47  --------
19:54:47        1
19:54:47  (1 row)
19:54:47  
19:54:47   setval 
19:54:47  --------
19:54:47        1
19:54:47  (1 row)
19:54:47  
19:54:47   setval 
19:54:47  --------
19:54:47        1
19:54:47  (1 row)
19:54:47  
19:54:47   setval 
19:54:47  --------
19:54:47        1
19:54:47  (1 row)
19:54:47  
19:54:47   setval 
19:54:47  --------
19:54:47        1
19:54:47  (1 row)
19:54:47  
19:54:47   setval 
19:54:47  --------
19:54:47        1
19:54:47  (1 row)
19:54:47  
19:54:47   setval 
19:54:47  --------
19:54:47        1
19:54:47  (1 row)
19:54:47  
19:54:47   setval 
19:54:47  --------
19:54:47        1
19:54:47  (1 row)
19:54:47  
19:54:47   setval 
19:54:47  --------
19:54:47        1
19:54:47  (1 row)
19:54:47  
19:54:47   setval 
19:54:47  --------
19:54:47        1
19:54:47  (1 row)
19:54:47  
19:54:47   setval 
19:54:47  --------
19:54:47        1
19:54:47  (1 row)
19:54:47  
19:54:47   setval 
19:54:47  --------
19:54:47        1
19:54:47  (1 row)
19:54:47  
19:54:47   setval 
19:54:47  --------
19:54:47        1
19:54:47  (1 row)
19:54:47  
19:54:47   setval 
19:54:47  --------
19:54:47        1
19:54:47  (1 row)
19:54:47  
19:54:47   setval 
19:54:47  --------
19:54:47        1
19:54:47  (1 row)
19:54:47  
19:54:47   setval 
19:54:47  --------
19:54:47       55
19:54:47  (1 row)
19:54:47  
19:54:47   setval 
19:54:47  --------
19:54:47        1
19:54:47  (1 row)
19:54:47  
19:54:47  ALTER TABLE
19:54:47  ALTER TABLE
19:54:47  ALTER TABLE
19:54:47  ALTER TABLE
19:54:47  ALTER TABLE
19:54:47  ALTER TABLE
19:54:47  ALTER TABLE
19:54:47  ALTER TABLE
19:54:47  ALTER TABLE
19:54:47  ALTER TABLE
19:54:47  ALTER TABLE
19:54:47  ALTER TABLE
19:54:47  ALTER TABLE
19:54:47  ALTER TABLE
19:54:47  ALTER TABLE
19:54:47  ALTER TABLE
19:54:47  ALTER TABLE
19:54:47  ALTER TABLE
19:54:47  ALTER TABLE
19:54:47  ALTER TABLE
19:54:47  ALTER TABLE
19:54:47  ALTER TABLE
19:54:48  ALTER TABLE
19:54:48  ALTER TABLE
19:54:48  ALTER TABLE
19:54:48  ALTER TABLE
19:54:48  ALTER TABLE
19:54:48  ALTER TABLE
19:54:48  ALTER TABLE
19:54:48  ALTER TABLE
19:54:48  ALTER TABLE
19:54:48  ALTER TABLE
19:54:48  ALTER TABLE
19:54:48  ALTER TABLE
19:54:48  ALTER TABLE
19:54:48  ALTER TABLE
19:54:48  ALTER TABLE
19:54:48  ALTER TABLE
19:54:48  ALTER TABLE
19:54:48  ALTER TABLE
19:54:48  ALTER TABLE
19:54:48  ALTER TABLE
19:54:48  ALTER TABLE
19:54:48  ALTER TABLE
19:54:48  ALTER TABLE
19:54:48  ALTER TABLE
19:54:48  ALTER TABLE
19:54:48  ALTER TABLE
19:54:48  ALTER TABLE
19:54:48  ALTER TABLE
19:54:48  ALTER TABLE
19:54:48  ALTER TABLE
19:54:48  ALTER TABLE
19:54:48  ALTER TABLE
19:54:48  ALTER TABLE
19:54:48  ALTER TABLE
19:54:48  ALTER TABLE
19:54:48  ALTER TABLE
19:54:48  ALTER TABLE
19:54:48  ALTER TABLE
19:54:48  ALTER TABLE
19:54:48  ALTER TABLE
19:54:48  ALTER TABLE
19:54:48  ALTER TABLE
19:54:48  ALTER TABLE
19:54:48  ALTER TABLE
19:54:48  ALTER TABLE
19:54:48  ALTER TABLE
19:54:48  ALTER TABLE
19:54:48  CREATE INDEX
19:54:48  CREATE INDEX
19:54:48  ALTER TABLE
19:54:48  ALTER TABLE
19:54:48  ALTER TABLE
19:54:48  ALTER TABLE
19:54:48  ALTER TABLE
19:54:48  ALTER TABLE
19:54:48  ALTER TABLE
19:54:48  ALTER TABLE
19:54:48  ALTER TABLE
19:54:48  ALTER TABLE
19:54:48  ALTER TABLE
19:54:48  ALTER TABLE
19:54:48  ALTER TABLE
19:54:48  ALTER TABLE
19:54:48  ALTER TABLE
19:54:48  ALTER TABLE
19:54:48  ALTER TABLE
19:54:48  ALTER TABLE
19:54:48  ALTER TABLE
19:54:48  ALTER TABLE
19:54:48  ALTER TABLE
19:54:48  ALTER TABLE
19:54:48  ALTER TABLE
19:54:48  ALTER TABLE
19:54:48  ALTER TABLE
19:54:48  ALTER TABLE
19:54:48  ALTER TABLE
19:54:48  ALTER TABLE
19:54:48  ALTER TABLE
19:54:48  ALTER TABLE
19:54:48  ALTER TABLE
19:54:48  ALTER TABLE
19:54:48  ALTER TABLE
19:54:48  ALTER TABLE
19:54:48  ALTER TABLE
19:54:48  ALTER TABLE
19:54:48  ALTER TABLE
19:54:48  ALTER TABLE
19:54:48  ALTER TABLE
19:54:48  ALTER TABLE
19:54:48  ALTER TABLE
19:54:48  ALTER TABLE
19:54:48  ALTER TABLE
19:54:48  ALTER TABLE
19:54:48  ALTER TABLE
19:54:48  ALTER TABLE
19:54:48  ALTER TABLE
19:54:48  ALTER TABLE
19:54:48  ALTER TABLE
19:54:48  ALTER TABLE
19:54:48  ALTER TABLE
19:54:48  ALTER TABLE
19:54:48  ALTER TABLE
19:54:48  ALTER TABLE
19:54:48  ALTER TABLE
19:54:48  ALTER TABLE
19:54:48  ALTER TABLE
19:54:48  ALTER TABLE
19:54:48  ALTER TABLE
19:54:48  ALTER TABLE
19:54:48  ALTER TABLE
19:54:48  ALTER TABLE
19:54:48  ALTER TABLE
19:54:48  ALTER TABLE
19:54:48  ALTER TABLE
19:54:48  ALTER TABLE
19:54:48  ALTER TABLE
19:54:48  ALTER TABLE
19:54:48  ALTER TABLE
19:54:48  ALTER TABLE
19:54:48  ALTER TABLE
19:54:48  ALTER TABLE
19:54:48  ALTER TABLE
19:54:48  ALTER TABLE
19:54:48  ALTER TABLE
19:54:48  ALTER TABLE
19:54:48  ALTER TABLE
19:54:48  ALTER TABLE
19:54:48  ALTER TABLE
19:54:48  ALTER TABLE
19:54:48  ALTER TABLE
19:54:48  ALTER TABLE
19:54:48  ALTER TABLE
19:54:48  ALTER TABLE
19:54:48  ALTER TABLE
19:54:48  ALTER TABLE
19:54:48  ALTER TABLE
19:54:48  ALTER TABLE
19:54:48  ALTER TABLE
19:54:48  ALTER TABLE
19:54:48  ALTER TABLE
19:54:48  ALTER TABLE
19:54:48  ALTER TABLE
19:54:48  ALTER TABLE
19:54:48  REVOKE
19:54:48  GRANT
19:54:48  [0;32m[2025-12-15 22:54:48] ✅ Banco ptf_base_teste criado com dados do template![0m
19:54:48  [0;34m[2025-12-15 22:54:48][0m 📋 Processando dados do ambiente...
19:54:48  [0;34m[2025-12-15 22:54:48][0m 📄 Usando arquivo padrão do ambiente
19:54:48  [0;34m[2025-12-15 22:54:48][0m 🔄 Gerando start.sql personalizado...
19:54:48  [0;34m[2025-12-15 22:54:48][0m 📄 Processando dados de: /tmp/pipeline-28/dados/pln/dados.txt
19:54:48  [0;32m[2025-12-15 22:54:48] ✅ Dados processados com sucesso[0m
19:54:48  [0;34m[2025-12-15 22:54:48][0m 📝 Gerando arquivo: /tmp/pipeline-28/temp/start_pln.sql
19:54:48  [0;32m[2025-12-15 22:54:48] ✅ Arquivo start.sql gerado: /tmp/pipeline-28/temp/start_pln.sql[0m
19:54:48  [0;34m[2025-12-15 22:54:48][0m 📊 Dados utilizados:
19:54:48  [0;34m[2025-12-15 22:54:48][0m    - Endereço: R Jasmim, 15
19:54:48  [0;34m[2025-12-15 22:54:48][0m    - Cidade: Contagem
19:54:48  [0;34m[2025-12-15 22:54:48][0m    - Estado: MG
19:54:48  [0;34m[2025-12-15 22:54:48][0m    - CNPJ: 61247612000178
19:54:48  [0;34m[2025-12-15 22:54:48][0m    - Razão Social: FORT LUB DISTRIBUIDORA LTDA
19:54:48  [0;34m[2025-12-15 22:54:48][0m 🔍 DEBUG: Verificando arquivo start.sql em: /tmp/pipeline-28/temp/start_pln.sql
19:54:48  [0;34m[2025-12-15 22:54:48][0m 🔧 Executando configuração inicial...
19:54:48  [0;34m[2025-12-15 22:54:48][0m 📄 Executando: start_pln.sql
19:54:48  [0;32m[2025-12-15 22:54:48] ✅ Configuração inicial aplicada[0m
19:54:48  [0;34m[2025-12-15 22:54:48][0m 🔍 DEBUG: Verificando arquivo config.sql em: /tmp/pipeline-28/sql/pln/config.sql
19:54:48  [0;34m[2025-12-15 22:54:48][0m ℹ️ Config.sql ignorado para ambiente PLN
19:54:48  [0;34m[2025-12-15 22:54:48][0m 📊 Verificando versão atual do banco...
19:54:49  [0;34m[2025-12-15 22:54:48][0m 📋 Versão atual: 9.0.0.0-0
19:54:49  [0;34m[2025-12-15 22:54:48][0m 🔄 Executando updates necessários...
19:54:49  [0;34m[2025-12-15 22:54:48][0m 🔍 DEBUG: Verificando diretório updates em: /tmp/pipeline-28/sql/pln/updates
19:54:49  [0;34m[2025-12-15 22:54:48][0m 📁 Arquivos encontrados em updates:
19:54:49  total 60
19:54:49  drwxr-xr-x 2 **** **** 4096 Dec 15 22:54 .
19:54:49  drwxr-xr-x 3 **** **** 4096 Dec 15 22:54 ..
19:54:49  -rw-r--r-- 1 **** ****  300 Dec 15 22:54 9.0.0.1-7.sql
19:54:49  -rw-r--r-- 1 **** ****  320 Dec 15 22:54 9.0.0.2-0.sql
19:54:49  -rw-r--r-- 1 **** ****  214 Dec 15 22:54 9.0.0.2-21.sql
19:54:49  -rw-r--r-- 1 **** **** 1562 Dec 15 22:54 9.0.0.2-23.sql
19:54:49  -rw-r--r-- 1 **** ****  287 Dec 15 22:54 9.0.0.3-3.sql
19:54:49  -rw-r--r-- 1 **** **** 2974 Dec 15 22:54 9.0.0.4-0.sql
19:54:49  -rw-r--r-- 1 **** ****  330 Dec 15 22:54 9.0.1.0-3.sql
19:54:49  -rw-r--r-- 1 **** **** 5274 Dec 15 22:54 9.0.1.0-6.sql
19:54:49  -rw-r--r-- 1 **** ****  207 Dec 15 22:54 9.0.1.0-9.sql
19:54:49  -rw-r--r-- 1 **** ****  287 Dec 15 22:54 9.0.1.1-14.sql
19:54:49  -rw-r--r-- 1 **** ****  430 Dec 15 22:54 9.0.1.1-2.sql
19:54:49  -rw-r--r-- 1 **** **** 1343 Dec 15 22:54 9.0.1.1-8.sql
19:54:49  ./scripts/create_database.sh: line 389: local: can only be used in a function
19:54:49  ./scripts/create_database.sh: line 390: local: can only be used in a function
19:54:49  ./scripts/create_database.sh: line 393: comp_atual: unbound variable
19:54:49  ❌ ERRO: Falha na criação do banco de dados!
19:54:49  [Pipeline] error
19:54:49  [Pipeline] }
19:54:49  [Pipeline] // withCredentials
19:54:49  [Pipeline] }
19:54:49  [Pipeline] // script
19:54:49  [Pipeline] }
19:54:49  [Pipeline] // stage
19:54:49  [Pipeline] stage
19:54:49  [Pipeline] { (🚀 Deploy da Aplicação)
19:54:49  Stage "🚀 Deploy da Aplicação" skipped due to earlier failure(s)
19:54:49  [Pipeline] getContext
19:54:49  [Pipeline] }
19:54:49  [Pipeline] // stage
19:54:49  [Pipeline] stage
19:54:49  [Pipeline] { (✅ Verificação Final)
19:54:49  Stage "✅ Verificação Final" skipped due to earlier failure(s)
19:54:49  [Pipeline] getContext
19:54:49  [Pipeline] }
19:54:49  [Pipeline] // stage
19:54:49  [Pipeline] stage
19:54:49  [Pipeline] { (Declarative: Post Actions)
19:54:49  [Pipeline] script
19:54:49  [Pipeline] {
19:54:49  [Pipeline] echo
19:54:49  🧹 Executando limpeza...
19:54:49  [Pipeline] fileExists
19:54:49  [Pipeline] archiveArtifacts
19:54:49  Archiving artifacts
19:54:49  [Pipeline] sh
19:54:50  + rm -rf /var/jenkins_home/workspace/PTF-CRIAR-AMBIENTE/temp
19:54:50  + find /var/jenkins_home/workspace/PTF-CRIAR-AMBIENTE -name *.tmp -delete
19:54:50  [Pipeline] withCredentials
19:54:50  Masking supported pattern matches of $BASTION_HOST or $BASTION_USER or $SSH_KEY or $SSH_PASSPHRASE
19:54:50  [Pipeline] {
19:54:50  [Pipeline] sh
19:54:50  + cat
19:54:50  + chmod +x /tmp/ssh-add-script-98051.sh
19:54:50  + ssh-agent -s
19:54:50  + eval SSH_AUTH_SOCK=/tmp/ssh-aoStz51CiuEK/agent.98056; export SSH_AUTH_SOCK; SSH_AGENT_PID=98057; export SSH_AGENT_PID; echo Agent pid 98057;
19:54:50  + SSH_AUTH_SOCK=/tmp/ssh-aoStz51CiuEK/agent.98056
19:54:50  + export SSH_AUTH_SOCK
19:54:50  + SSH_AGENT_PID=98057
19:54:50  + export SSH_AGENT_PID
19:54:50  + echo Agent pid 98057
19:54:50  Agent pid 98057
19:54:50  + DISPLAY=:0 SSH_ASKPASS=/tmp/ssh-add-script-98051.sh ssh-add ****
19:54:50  Identity added: **** (****)
19:54:50  + ssh -o StrictHostKeyChecking=no ****@**** rm -rf /tmp/pipeline-28
19:54:50  + ssh-agent -k
19:54:50  unset SSH_AUTH_SOCK;
19:54:50  unset SSH_AGENT_PID;
19:54:50  echo Agent pid 98057 killed;
19:54:50  + rm -f /tmp/ssh-add-script-98051.sh
19:54:50  [Pipeline] }
19:54:50  [Pipeline] // withCredentials
19:54:50  [Pipeline] }
19:54:50  [Pipeline] // script
19:54:50  [Pipeline] echo
19:54:50  
19:54:50  ❌ ===== PIPELINE FALHOU! =====
19:54:50  📋 Verifique os logs para mais detalhes.
19:54:50  Parâmetros utilizados:
19:54:50     - Ambiente: pln
19:54:50     - Servidor: gcp-pln
19:54:50     - Banco: ptf_base_teste
19:54:50  ==============================
19:54:50              
19:54:50  [Pipeline] }
19:54:50  [Pipeline] // stage
19:54:50  [Pipeline] }
19:54:50  [Pipeline] // withEnv
19:54:50  [Pipeline] }
19:54:51  [Pipeline] // withEnv
19:54:51  [Pipeline] }
19:54:51  [Pipeline] // node
19:54:51  [Pipeline] End of Pipeline
19:54:51  ERROR: ❌ Falha na criação do banco de dados! Exit code: 1
19:54:51  Finished: FAILURE